\BOOKMARK [1][-]{section.1}{Theory of EFT and the equations and Stress tensor}{}% 1
\BOOKMARK [1][-]{section.2}{Questions:}{}% 2
\BOOKMARK [1][-]{section.3}{Todo:}{}% 3
\BOOKMARK [1][-]{section.4}{K-essence field equation from EFT action}{}% 4
\BOOKMARK [1][-]{section.5}{Definitions}{}% 5
\BOOKMARK [2][-]{subsection.5.1}{Stuckelberg trick}{section.5}% 6
\BOOKMARK [2][-]{subsection.5.2}{Friedmann equations}{section.5}% 7
\BOOKMARK [2][-]{subsection.5.3}{Checking the linear equations in mathematica}{section.5}% 8
\BOOKMARK [2][-]{subsection.5.4}{The equation in terms of conformal time}{section.5}% 9
\BOOKMARK [2][-]{subsection.5.5}{Numeric olver}{section.5}% 10
\BOOKMARK [1][-]{section.6}{Stress tensor redcheck again and make sure everything is ok, need to check the calculation again! Also add some Filippo's calculation }{}% 11
\BOOKMARK [2][-]{subsection.6.1}{redDo all the calculations in mathematica to make sure!}{section.6}% 12
\BOOKMARK [2][-]{subsection.6.2}{Derivative of determinant}{section.6}% 13
\BOOKMARK [2][-]{subsection.6.3}{T00 component of energy momentum tensor}{section.6}% 14
\BOOKMARK [2][-]{subsection.6.4}{T0i component of energy momentum tensor}{section.6}% 15
\BOOKMARK [2][-]{subsection.6.5}{Tij component of energy momentum tensor}{section.6}% 16
\BOOKMARK [1][-]{section.7}{Field transfer function}{}% 17
\BOOKMARK [1][-]{section.8}{Gevolution implementation red Need to be checked and use the corrected stress tensor and check with other references! }{}% 18
\BOOKMARK [1][-]{section.9}{The constraints from stress energy tensor red Need to be checked and use the corrected stress tensor and check with other references!}{}% 19
\BOOKMARK [2][-]{subsection.9.1}{Euler and continuity equations red Need to be checked and use the corrected stress tensor and check with other references!}{section.9}% 20
\BOOKMARK [1][-]{section.10}{Field transfer function}{}% 21
\BOOKMARK [2][-]{subsection.10.1}{Gauge transformation}{section.10}% 22
\BOOKMARK [2][-]{subsection.10.2}{Comparison the \040from hi-class and density transfer function in the class red Get something consistent from below calculation!}{section.10}% 23
\BOOKMARK [3][-]{subsubsection.10.2.1}{ transfer function}{subsection.10.2}% 24
\BOOKMARK [2][-]{subsection.10.3}{comparing the \040function in Newtonian and synchronous gauge in class and hi-class}{section.10}% 25
\BOOKMARK [2][-]{subsection.10.4}{Comparing the \040transfer function directly from hi-class and what we get from class indirectly}{section.10}% 26
\BOOKMARK [2][-]{subsection.10.5}{Test 2: Density transfer in the limit of cs2 0 , w -1 which should be the same as matter density transfer function}{section.10}% 27
\BOOKMARK [2][-]{subsection.10.6}{Comparing the ' transfer function directly from hi-class and what we get from class indirectly}{section.10}% 28
\BOOKMARK [2][-]{subsection.10.7}{Comparison of field transfer functions in the hi-class and the EFTcamb}{section.10}% 29
\BOOKMARK [1][-]{section.11}{Gevolution}{}% 30
\BOOKMARK [2][-]{subsection.11.1}{Initial condition}{section.11}% 31
\BOOKMARK [2][-]{subsection.11.2}{Gevolution initial field factors from initial condition to output power }{section.11}% 32
\BOOKMARK [2][-]{subsection.11.3}{writePowerSpectrum}{section.11}% 33
\BOOKMARK [2][-]{subsection.11.4}{Stress tensor}{section.11}% 34
\BOOKMARK [2][-]{subsection.11.5}{Field equation and transfer}{section.11}% 35
\BOOKMARK [2][-]{subsection.11.6}{Some tests on Gevolution:}{section.11}% 36
\BOOKMARK [1][-]{section.12}{Numerical solution to the k-essence equation and stress tensors in Gevolution \(red Must be checked!\)}{}% 37
\BOOKMARK [1][-]{section.13}{Programming issues}{}% 38
\BOOKMARK [1][-]{section.14}{Do we obtain the same results for the \040and \040transfer function from class in synchronous gauge? Miguel question!}{}% 39
\BOOKMARK [2][-]{subsection.14.1}{Comparing the \040transfer function directly from hi-class and what we get from class indirectly}{section.14}% 40
\BOOKMARK [2][-]{subsection.14.2}{Comparison of the results}{section.14}% 41
\BOOKMARK [3][-]{subsubsection.14.2.1}{Class, comparison of two gauges}{subsection.14.2}% 42
\BOOKMARK [1][-]{section.15}{Report-05April2018}{}% 43
\BOOKMARK [2][-]{subsection.15.1}{Martin meeting}{section.15}% 44
\BOOKMARK [1][-]{section.16}{Check the equations for cs2 0 and \040w 0 to get the matter behaviour and cross check with class!}{}% 45
\BOOKMARK [2][-]{subsection.16.1}{Class and Gevolution. results, w -3mu0, cs2 -3mu0: in theory, both equations and T }{section.16}% 46
\BOOKMARK [2][-]{subsection.16.2}{Solving the equation:}{section.16}% 47
\BOOKMARK [2][-]{subsection.16.3}{How is it related to fluid language?}{section.16}% 48
\BOOKMARK [3][-]{subsubsection.16.3.1}{Euler equation:}{subsection.16.3}% 49
\BOOKMARK [2][-]{subsection.16.4}{Solution of the equation in the matter dominated universe }{section.16}% 50
\BOOKMARK [2][-]{subsection.16.5}{Checking the consistency!}{section.16}% 51
\BOOKMARK [2][-]{subsection.16.6}{Class and Gevolution. results, w=10-8, cs2=10-16: results from the code}{section.16}% 52
\BOOKMARK [1][-]{section.17}{' comparison in Gevolution and other codes}{}% 53
\BOOKMARK [2][-]{subsection.17.1}{Equation for ' in class}{section.17}% 54
\BOOKMARK [2][-]{subsection.17.2}{Comparing the ' in Gevolution with Riess Sciama effect at redshift 50.}{section.17}% 55
\BOOKMARK [3][-]{subsubsection.17.2.1}{Make the same plot at z=0 red TODO:}{subsection.17.2}% 56
\BOOKMARK [2][-]{subsection.17.3}{Comparing P22 from different codes!}{section.17}% 57
\BOOKMARK [2][-]{subsection.17.4}{Comparing \040in Gevolution with Gadjet code!}{section.17}% 58
\BOOKMARK [2][-]{subsection.17.5}{Test of Gevolution when we add ' d to ini to get the final value in class and Gevolution }{section.17}% 59
\BOOKMARK [2][-]{subsection.17.6}{Trying to get ' from second order codes}{section.17}% 60
\BOOKMARK [3][-]{subsubsection.17.6.1}{FastPM}{subsection.17.6}% 61
\BOOKMARK [3][-]{subsubsection.17.6.2}{L-PICOLA}{subsection.17.6}% 62
\BOOKMARK [3][-]{subsubsection.17.6.3}{Going to second order Boltzmann codes}{subsection.17.6}% 63
\BOOKMARK [2][-]{subsection.17.7}{Comparing ' in class and Gevolution in much larger scales!}{section.17}% 64
\BOOKMARK [2][-]{subsection.17.8}{Matter power and \040power in Gevolution and class via Poisson equation: \(red Recheck!\)}{section.17}% 65
\BOOKMARK [2][-]{subsection.17.9}{Results for the relatively big run and comparison between class and Gevolution vs plot in the arXiv:0809.4488v3 paper! }{section.17}% 66
\BOOKMARK [2][-]{subsection.17.10}{Comparing obtained ' from full second order matter and Poisson equation at two different redshifts with the one we have obtained from Riess Sciama effect red To do!}{section.17}% 67
\BOOKMARK [2][-]{subsection.17.11}{Comparing Riess Sciama from Kumatsu second order to compare ' with our ' red To do!}{section.17}% 68
\BOOKMARK [1][-]{section.18}{Solving the linear field equation in mathematica and comparing with Gevolution and checking that if we use ' of Gevolution we get the same result as Gevolution, just consistency check!}{}% 69
\BOOKMARK [2][-]{subsection.18.1}{How much the result in Gevolution is sensitive to precision parameters?}{section.18}% 70
\BOOKMARK [2][-]{subsection.18.2}{What happens if we turn on ' term in Gevolution? }{section.18}% 71
\BOOKMARK [3][-]{subsubsection.18.2.1}{Consistency check: If we get \040and ' from Gevolution as an initial condition and solve it in mathematica}{subsection.18.2}% 72
\BOOKMARK [1][-]{section.19}{Rewriting the field equations in terms of two new variables}{}% 73
\BOOKMARK [2][-]{subsection.19.1}{Linear calculation}{section.19}% 74
\BOOKMARK [3][-]{subsubsection.19.1.1}{The new sets of equations and stress tensor}{subsection.19.1}% 75
\BOOKMARK [3][-]{subsubsection.19.1.2}{Numerical solver}{subsection.19.1}% 76
\BOOKMARK [3][-]{subsubsection.19.1.3}{Initial conditions from class}{subsection.19.1}% 77
\BOOKMARK [3][-]{subsubsection.19.1.4}{Gevolution}{subsection.19.1}% 78
\BOOKMARK [1][-]{section.20}{Initial condition in class and Gevolution}{}% 79
\BOOKMARK [2][-]{subsection.20.1}{ Comparing the initial condition from class and what is implemented in Gevolution}{section.20}% 80
\BOOKMARK [3][-]{subsubsection.20.1.1}{Mathematica solution from class initial condition and comparing with class}{subsection.20.1}% 81
\BOOKMARK [3][-]{subsubsection.20.1.2}{Mathematica solution from Gevolution initial condition and comparing with Gevolution}{subsection.20.1}% 82
\BOOKMARK [3][-]{subsubsection.20.1.3}{Comparing stress tensor and field solution from Gevolution with mathematica and class}{subsection.20.1}% 83
\BOOKMARK [2][-]{subsection.20.2}{To check non-linear part of field equation, use Maldacena's relation for long modes or look at some other limits? redTo do! ! }{section.20}% 84
\BOOKMARK [2][-]{subsection.20.3}{Check the equations in class and Gevolution for cs2 0 and w 0 for new set of variables to get the matter behaviour and cross check with class! redTo do! }{section.20}% 85
\BOOKMARK [2][-]{subsection.20.4}{To check non-linear part of field equation, use Maldacena's relation for long modes or look at some other limits? }{section.20}% 86
\BOOKMARK [1][-]{section.21}{The evolution comparisons and tests}{}% 87
\BOOKMARK [2][-]{subsubsection.21.0.1}{Solving the equation and comparison with mathematica}{section.21}% 88
\BOOKMARK [2][-]{subsection.21.1}{Euler method, equations without potentials}{section.21}% 89
\BOOKMARK [2][-]{subsection.21.2}{Leap-frog method, equations without potentials \(First loop is tricky!\)}{section.21}% 90
\BOOKMARK [3][-]{subsubsection.21.2.1}{Results}{subsection.21.2}% 91
\BOOKMARK [3][-]{subsubsection.21.2.2}{By corrector methods check the errors on variables \(red Does not work for linear equation\)}{subsection.21.2}% 92
\BOOKMARK [3][-]{subsubsection.21.2.3}{Results, with corrector method!}{subsection.21.2}% 93
\BOOKMARK [1][-]{section.22}{ comparison}{}% 94
\BOOKMARK [2][-]{subsection.22.1}{Without sourcing total stress tensor }{section.22}% 95
\BOOKMARK [2][-]{subsection.22.2}{Kessence sourcing total stress tensor }{section.22}% 96
\BOOKMARK [1][-]{section.23}{Solving the full equation with potentials}{}% 97
\BOOKMARK [2][-]{subsection.23.1}{Field dynamics, Kessence stress tensor is turned off }{section.23}% 98
\BOOKMARK [3][-]{subsubsection.23.1.1}{ equation}{subsection.23.1}% 99
\BOOKMARK [3][-]{subsubsection.23.1.2}{ equation}{subsection.23.1}% 100
\BOOKMARK [1][-]{section.24}{Adding a function for getting field transfer function as the output }{}% 101
\BOOKMARK [2][-]{subsection.24.1}{Field dynamics and stress tensor while kessence source gravity}{section.24}% 102
\BOOKMARK [1][-]{section.25}{The ratio of kess in Gevolution and total stress tensor compared with class for different cs2 limits}{}% 103
\BOOKMARK [2][-]{subsection.25.1}{Comparing class and Gevolution with initial condition from class red Must be completed for more redshift ranges and also big runs! \(red TODO:\) }{section.25}% 104
\BOOKMARK [2][-]{subsection.25.2}{Checking the limit cs2 0 that we get kessence density as matter density \(red TODO:\) }{section.25}% 105
\BOOKMARK [1][-]{section.26}{Non-linear contrubution}{}% 106
\BOOKMARK [2][-]{subsection.26.1}{Solving the equation by leap-frog method}{section.26}% 107
\BOOKMARK [3][-]{subsubsection.26.1.1}{ equation}{subsection.26.1}% 108
\BOOKMARK [3][-]{subsubsection.26.1.2}{ equation}{subsection.26.1}% 109
\BOOKMARK [1][-]{section.27}{Non-linear terms tests: red How?}{}% 110
\BOOKMARK [2][-]{subsection.27.1}{Predictor-corrector method}{section.27}% 111
\BOOKMARK [1][-]{section.28}{Non-linear contribution in the code}{}% 112
\BOOKMARK [1][-]{section.29}{Linear and non-linear comparisons with class results}{}% 113
\BOOKMARK [1][-]{section.30}{Sensitivity to initial conditions}{}% 114
\BOOKMARK [1][-]{section.31}{The effect of non linearities on gravitational potential at some different redshifts \040and matter power spectrum}{}% 115
\BOOKMARK [1][-]{section.32}{Solve the solution to non-linear terms in mathematica with Gevolution}{}% 116
\BOOKMARK [1][-]{section.33}{Measuring the average of field in Gevolution to see the backreacktion}{}% 117
\BOOKMARK [1][-]{section.34}{Sensitivity to initial conditions}{}% 118
\BOOKMARK [1][-]{section.35}{The effect of non linearities on gravitational potential at some different redshifts \040and matter power spectrum}{}% 119
\BOOKMARK [1][-]{section.36}{Trace the average of the perturbation to be consistent}{}% 120
\BOOKMARK [1][-]{section.37}{Vector elliptic and vector parabolic consistency check}{}% 121
\BOOKMARK [1][-]{section.38}{Comparing fields and density of kessence in Gevolution versus class}{}% 122
\BOOKMARK [1][-]{section.39}{Checking the effect of discrete lattice which Julian suggested? red Try to derive the result!}{}% 123
\BOOKMARK [1][-]{section.40}{Comparing some important quantities in class and Gevolution for the same initial condition, like Hubble factor, matter power, potential power and ...}{}% 124
\BOOKMARK [1][-]{section.41}{Kessence run-time}{}% 125
