\BOOKMARK [1][-]{section.1}{Theory of EFT and the equations and Stress tensor}{}% 1
\BOOKMARK [1][-]{section.2}{Questions:}{}% 2
\BOOKMARK [1][-]{section.3}{Todo:}{}% 3
\BOOKMARK [1][-]{section.4}{K-essence field equation from EFT action}{}% 4
\BOOKMARK [1][-]{section.5}{Definitions}{}% 5
\BOOKMARK [2][-]{subsection.5.1}{Stuckelberg trick}{section.5}% 6
\BOOKMARK [2][-]{subsection.5.2}{Friedmann equations}{section.5}% 7
\BOOKMARK [2][-]{subsection.5.3}{Checking the linear equations in mathematica}{section.5}% 8
\BOOKMARK [2][-]{subsection.5.4}{The equation in terms of conformal time}{section.5}% 9
\BOOKMARK [2][-]{subsection.5.5}{Numeric olver}{section.5}% 10
\BOOKMARK [1][-]{section.6}{Stress tensor redcheck again and make sure everything is ok, need to check the calculation again! Also add some Filippo's calculation }{}% 11
\BOOKMARK [2][-]{subsection.6.1}{redDo all the calculations in mathematica to make sure!}{section.6}% 12
\BOOKMARK [2][-]{subsection.6.2}{Derivative of determinant}{section.6}% 13
\BOOKMARK [2][-]{subsection.6.3}{T00 component of energy momentum tensor}{section.6}% 14
\BOOKMARK [2][-]{subsection.6.4}{T0i component of energy momentum tensor}{section.6}% 15
\BOOKMARK [2][-]{subsection.6.5}{Tij component of energy momentum tensor}{section.6}% 16
\BOOKMARK [1][-]{section.7}{Field transfer function}{}% 17
\BOOKMARK [1][-]{section.8}{Gevolution implementation red Need to be checked and use the corrected stress tensor and check with other references! }{}% 18
\BOOKMARK [1][-]{section.9}{The constraints from stress energy tensor red Need to be checked and use the corrected stress tensor and check with other references!}{}% 19
\BOOKMARK [2][-]{subsection.9.1}{Euler and continuity equations red Need to be checked and use the corrected stress tensor and check with other references!}{section.9}% 20
\BOOKMARK [1][-]{section.10}{Field transfer function}{}% 21
\BOOKMARK [2][-]{subsection.10.1}{Gauge transformation}{section.10}% 22
\BOOKMARK [2][-]{subsection.10.2}{Comparison the \040from hi-class and density transfer function in the class red Get something consistent from below calculation!}{section.10}% 23
\BOOKMARK [3][-]{subsubsection.10.2.1}{ transfer function}{subsection.10.2}% 24
\BOOKMARK [2][-]{subsection.10.3}{comparing the \040function in Newtonian and synchronous gauge in class and hi-class}{section.10}% 25
\BOOKMARK [2][-]{subsection.10.4}{Comparing the \040transfer function directly from hi-class and what we get from class indirectly}{section.10}% 26
\BOOKMARK [2][-]{subsection.10.5}{Test 2: Density transfer in the limit of cs2 0 , w -1 which should be the same as matter density transfer function}{section.10}% 27
\BOOKMARK [2][-]{subsection.10.6}{Comparing the ' transfer function directly from hi-class and what we get from class indirectly}{section.10}% 28
\BOOKMARK [2][-]{subsection.10.7}{Comparison of field transfer functions in the hi-class and the EFTcamb}{section.10}% 29
\BOOKMARK [1][-]{section.11}{Gevolution}{}% 30
\BOOKMARK [2][-]{subsection.11.1}{Initial condition}{section.11}% 31
\BOOKMARK [2][-]{subsection.11.2}{Gevolution initial field factors from initial condition to output power }{section.11}% 32
\BOOKMARK [2][-]{subsection.11.3}{writePowerSpectrum}{section.11}% 33
\BOOKMARK [2][-]{subsection.11.4}{Stress tensor}{section.11}% 34
\BOOKMARK [2][-]{subsection.11.5}{Field equation and transfer}{section.11}% 35
\BOOKMARK [2][-]{subsection.11.6}{Some tests on Gevolution:}{section.11}% 36
\BOOKMARK [1][-]{section.12}{Numerical solution to the k-essence equation and stress tensors in Gevolution \(red Must be checked!\)}{}% 37
\BOOKMARK [1][-]{section.13}{Programming issues}{}% 38
\BOOKMARK [1][-]{section.14}{Do we obtain the same results for the \040and \040transfer function from class in synchronous gauge? Miguel question!}{}% 39
\BOOKMARK [2][-]{subsection.14.1}{Comparing the \040transfer function directly from hi-class and what we get from class indirectly}{section.14}% 40
\BOOKMARK [2][-]{subsection.14.2}{Comparison of the results}{section.14}% 41
\BOOKMARK [3][-]{subsubsection.14.2.1}{Class, comparison of two gauges}{subsection.14.2}% 42
\BOOKMARK [1][-]{section.15}{Report-05April2018}{}% 43
\BOOKMARK [2][-]{subsection.15.1}{Martin meeting}{section.15}% 44
\BOOKMARK [1][-]{section.16}{Check the equations for cs2 0 and \040w 0 to get the matter behaviour and cross check with class!}{}% 45
\BOOKMARK [2][-]{subsection.16.1}{Class and Gevolution. results, w -3mu0, cs2 -3mu0: in theory, both equations and T }{section.16}% 46
\BOOKMARK [2][-]{subsection.16.2}{Solving the equation:}{section.16}% 47
\BOOKMARK [2][-]{subsection.16.3}{How is it related to fluid language?}{section.16}% 48
\BOOKMARK [3][-]{subsubsection.16.3.1}{Euler equation:}{subsection.16.3}% 49
\BOOKMARK [2][-]{subsection.16.4}{Solution of the equation in the matter dominated universe }{section.16}% 50
\BOOKMARK [2][-]{subsection.16.5}{Checking the consistency!}{section.16}% 51
\BOOKMARK [2][-]{subsection.16.6}{Class and Gevolution. results, w=10-8, cs2=10-16: results from the code}{section.16}% 52
\BOOKMARK [1][-]{section.17}{' comparison in Gevolution and other codes}{}% 53
\BOOKMARK [2][-]{subsection.17.1}{Equation for '}{section.17}% 54
\BOOKMARK [2][-]{subsection.17.2}{Comparing the ' in Gevolution with Riess Sciama effect at redshift 50.}{section.17}% 55
\BOOKMARK [2][-]{subsection.17.3}{Comparing P22 from different codes!}{section.17}% 56
\BOOKMARK [2][-]{subsection.17.4}{Comparing \040in Gevolution with Gadjet code!}{section.17}% 57
\BOOKMARK [2][-]{subsection.17.5}{Test of Gevolution when we add ' d to ini to get the final value in class and Gevolution }{section.17}% 58
\BOOKMARK [2][-]{subsection.17.6}{Trying to get ' from second order codes}{section.17}% 59
\BOOKMARK [3][-]{subsubsection.17.6.1}{FastPM}{subsection.17.6}% 60
\BOOKMARK [3][-]{subsubsection.17.6.2}{L-PICOLA}{subsection.17.6}% 61
\BOOKMARK [3][-]{subsubsection.17.6.3}{Going to second order Boltzmann codes}{subsection.17.6}% 62
\BOOKMARK [2][-]{subsection.17.7}{Can we trust Poisson equation to get \040power from \040power in other codes like RAMSES or Gadge? red Todo? check the parameters!!}{section.17}% 63
\BOOKMARK [2][-]{subsection.17.8}{Matter power and \040power in Gevolution and class via Poisson equation: \(red Class results must be checked!\)}{section.17}% 64
\BOOKMARK [2][-]{subsection.17.9}{Results for the relatively big run and comparison between class and Gevolution vs plot in the arXiv:0809.4488v3 paper! }{section.17}% 65
\BOOKMARK [2][-]{subsection.17.10}{Comparing obtained ' from full second order matter and Poisson equation at two different redshifts with the one we have obtained from Riess Sciama effect red To do!}{section.17}% 66
\BOOKMARK [2][-]{subsection.17.11}{Use Kumatsu code in two redshift and compute Poisson equation and get ? power at two different redshift! and cross check by Seljak formula.}{section.17}% 67
\BOOKMARK [2][-]{subsection.17.12}{Comparing ' in class and Gevolution in much larger scales!}{section.17}% 68
\BOOKMARK [1][-]{section.18}{Solving the linear field equation in mathematica and comparing with Gevolution and checking that if we use ' of Gevolution we get the same result as Gevolution, just consistency check!}{}% 69
\BOOKMARK [2][-]{subsection.18.1}{How much the result in Gevolution is sensitive to precision parameters?}{section.18}% 70
\BOOKMARK [2][-]{subsection.18.2}{What happens if we turn on ' term in Gevolution? }{section.18}% 71
\BOOKMARK [3][-]{subsubsection.18.2.1}{Consistency check: If we get \040and ' from Gevolution as an initial condition and solve it in mathematica}{subsection.18.2}% 72
\BOOKMARK [1][-]{section.19}{Rewriting the field equations in terms of two new variables}{}% 73
\BOOKMARK [2][-]{subsection.19.1}{Linear calculation}{section.19}% 74
\BOOKMARK [3][-]{subsubsection.19.1.1}{The new sets of equations and stress tensor}{subsection.19.1}% 75
\BOOKMARK [3][-]{subsubsection.19.1.2}{Numerical solver}{subsection.19.1}% 76
\BOOKMARK [2][-]{subsection.19.2}{Non-linear calculation and numerical solver}{section.19}% 77
\BOOKMARK [2][-]{subsection.19.3}{Initial condition making from Class to be implemented in Gevolution!}{section.19}% 78
\BOOKMARK [2][-]{subsection.19.4}{Discuss about the output of Gevolution and dimensions }{section.19}% 79
\BOOKMARK [2][-]{subsection.19.5}{Compare the Gevolution results for new variables with Class and our solution for different redshifts and also the stress tensor!}{section.19}% 80
\BOOKMARK [2][-]{subsection.19.6}{To check non-linear part of field equation, use Maldacena's relation for long modes or look at some other limits? redTo do! ! }{section.19}% 81
\BOOKMARK [2][-]{subsection.19.7}{Check the equations in class and Gevolution for cs2 0 and w 0 for new set of variables to get the matter behaviour and cross check with class! redTo do! }{section.19}% 82
\BOOKMARK [2][-]{subsection.19.8}{To check non-linear part of field equation, use Maldacena's relation for long modes or look at some other limits? }{section.19}% 83
\BOOKMARK [1][-]{section.20}{Checking the effect of discrete lattice which Julian suggested? red Try to derive the result!}{}% 84
\BOOKMARK [1][-]{section.21}{Comparing some important quantities in class and Gevolution for the same initial condition, like Hubble factor, matter power, potential power and ...}{}% 85
\BOOKMARK [1][-]{section.22}{Python script to make initial conditions from hi-class and hi-class internal code}{}% 86
\BOOKMARK [1][-]{section.23}{Miguel}{}% 87
