\BOOKMARK [2][-]{subsection.0.1}{Linear calculation}{}% 1
\BOOKMARK [3][-]{subsubsection.0.1.1}{The new sets of equations and stress tensor}{subsection.0.1}% 2
\BOOKMARK [3][-]{subsubsection.0.1.2}{Numerical solver}{subsection.0.1}% 3
\BOOKMARK [3][-]{subsubsection.0.1.3}{Initial conditions from class}{subsection.0.1}% 4
\BOOKMARK [3][-]{subsubsection.0.1.4}{Gevolution}{subsection.0.1}% 5
\BOOKMARK [3][-]{subsubsection.0.1.5}{Mathematica solution from class initial condition and comparing with class}{subsection.0.1}% 6
\BOOKMARK [3][-]{subsubsection.0.1.6}{Mathematica solution from Gevolution initial condition and comparing with Gevolution}{subsection.0.1}% 7
\BOOKMARK [3][-]{subsubsection.0.1.7}{Comparing stress tensor and field solution from Gevolution with mathematica and class}{subsection.0.1}% 8
\BOOKMARK [1][-]{section.1}{' comparison in Gevolution and other codes}{}% 9
\BOOKMARK [2][-]{subsection.1.1}{Equation for '}{section.1}% 10
\BOOKMARK [2][-]{subsection.1.2}{Comparing the ' in Gevolution with Riess Sciama effect at redshift 50.}{section.1}% 11
\BOOKMARK [2][-]{subsection.1.3}{Comparing P22 from different codes!}{section.1}% 12
\BOOKMARK [2][-]{subsection.1.4}{Comparing \040in Gevolution with Gadjet code!}{section.1}% 13
\BOOKMARK [2][-]{subsection.1.5}{Test of Gevolution when we add ' d to ini to get the final value in class and Gevolution }{section.1}% 14
\BOOKMARK [2][-]{subsection.1.6}{Trying to get ' from second order codes}{section.1}% 15
\BOOKMARK [3][-]{subsubsection.1.6.1}{FastPM}{subsection.1.6}% 16
\BOOKMARK [3][-]{subsubsection.1.6.2}{L-PICOLA}{subsection.1.6}% 17
\BOOKMARK [3][-]{subsubsection.1.6.3}{Going to second order Boltzmann codes}{subsection.1.6}% 18
\BOOKMARK [2][-]{subsection.1.7}{Can we trust Poisson equation to get \040power from \040power in other codes like RAMSES or Gadge? red Todo? check the parameters!!}{section.1}% 19
\BOOKMARK [2][-]{subsection.1.8}{Matter power and \040power in Gevolution and class via Poisson equation: \(red Class results must be checked!\)}{section.1}% 20
\BOOKMARK [2][-]{subsection.1.9}{Results for the relatively big run and comparison between class and Gevolution vs plot in the arXiv:0809.4488v3 paper! }{section.1}% 21
\BOOKMARK [2][-]{subsection.1.10}{Comparing obtained ' from full second order matter and Poisson equation at two different redshifts with the one we have obtained from Riess Sciama effect red To do!}{section.1}% 22
\BOOKMARK [2][-]{subsection.1.11}{Use Kumatsu code in two redshift and compute Poisson equation and get ? power at two different redshift! and cross check by Seljak formula.}{section.1}% 23
\BOOKMARK [2][-]{subsection.1.12}{Comparing ' in class and Gevolution in much larger scales!}{section.1}% 24
\BOOKMARK [1][-]{section.2}{Solving the linear field equation in mathematica and comparing with Gevolution and checking that if we use ' of Gevolution we get the same result as Gevolution, just consistency check!}{}% 25
\BOOKMARK [2][-]{subsection.2.1}{How much the result in Gevolution is sensitive to precision parameters?}{section.2}% 26
\BOOKMARK [2][-]{subsection.2.2}{What happens if we turn on ' term in Gevolution? }{section.2}% 27
\BOOKMARK [3][-]{subsubsection.2.2.1}{Consistency check: If we get \040and ' from Gevolution as an initial condition and solve it in mathematica}{subsection.2.2}% 28
